build/intermediates/manifest_merge_blame_file/debug/processDebugMainManifest/manifest-merger-blame-debug-report.txt
1<?xml version="1.0" encoding="utf-8"?>
2<manifest xmlns:android="http://schemas.android.com/apk/res/android"
3    package="com.vroverlay.metrics"
4    android:versionCode="3"
5    android:versionName="2.0" >
6
7    <uses-sdk
7-->INJECTED
8        android:minSdkVersion="31"
8-->INJECTED
9        android:targetSdkVersion="34" />
9-->INJECTED
10
11    <uses-permission android:name="android.permission.SYSTEM_ALERT_WINDOW" />
11-->src\main\AndroidManifest.xml:5:5-78
11-->src\main\AndroidManifest.xml:5:22-75
12    <uses-permission android:name="android.permission.FOREGROUND_SERVICE" />
12-->src\main\AndroidManifest.xml:6:5-77
12-->src\main\AndroidManifest.xml:6:22-74
13    <uses-permission android:name="android.permission.FOREGROUND_SERVICE_OVERLAY" />
13-->src\main\AndroidManifest.xml:7:5-85
13-->src\main\AndroidManifest.xml:7:22-82
14
15    <uses-feature
15-->src\main\AndroidManifest.xml:9:5-12:31
16        android:name="android.hardware.vr.headtracking"
16-->src\main\AndroidManifest.xml:10:9-56
17        android:required="false"
17-->src\main\AndroidManifest.xml:11:9-33
18        android:version="1" />
18-->src\main\AndroidManifest.xml:12:9-28
19
20    <application
20-->src\main\AndroidManifest.xml:14:5-52:19
21        android:name="com.vroverlay.metrics.OverlayApplication"
21-->src\main\AndroidManifest.xml:15:9-43
22        android:allowBackup="false"
22-->src\main\AndroidManifest.xml:16:9-36
23        android:debuggable="true"
24        android:extractNativeLibs="false"
24-->INJECTED
25        android:icon="@android:drawable/sym_def_app_icon"
25-->src\main\AndroidManifest.xml:17:9-58
26        android:label="VR Overlay"
26-->src\main\AndroidManifest.xml:18:9-35
27        android:persistent="false"
27-->src\main\AndroidManifest.xml:19:9-35
28        android:testOnly="true"
29        android:theme="@android:style/Theme.Translucent.NoTitleBar" >
29-->src\main\AndroidManifest.xml:20:9-68
30        <service
30-->src\main\AndroidManifest.xml:22:9-30:19
31            android:name="com.vroverlay.metrics.OverlayService"
31-->src\main\AndroidManifest.xml:23:13-43
32            android:exported="true"
32-->src\main\AndroidManifest.xml:24:13-36
33            android:foregroundServiceType="specialUse" >
33-->src\main\AndroidManifest.xml:25:13-55
34            <intent-filter>
34-->src\main\AndroidManifest.xml:27:13-29:29
35                <action android:name="com.vroverlay.metrics.OverlayService" />
35-->src\main\AndroidManifest.xml:28:17-79
35-->src\main\AndroidManifest.xml:28:25-76
36            </intent-filter>
37        </service>
38
39        <activity
39-->src\main\AndroidManifest.xml:32:9-43:20
40            android:name="com.vroverlay.metrics.SettingsActivity"
40-->src\main\AndroidManifest.xml:33:13-45
41            android:excludeFromRecents="true"
41-->src\main\AndroidManifest.xml:35:13-46
42            android:exported="true"
42-->src\main\AndroidManifest.xml:34:13-36
43            android:launchMode="singleTask"
43-->src\main\AndroidManifest.xml:36:13-44
44            android:theme="@android:style/Theme.Translucent.NoTitleBar" >
44-->src\main\AndroidManifest.xml:37:13-72
45            <intent-filter>
45-->src\main\AndroidManifest.xml:39:13-42:29
46                <action android:name="android.intent.action.MAIN" />
46-->src\main\AndroidManifest.xml:40:17-69
46-->src\main\AndroidManifest.xml:40:25-66
47
48                <category android:name="android.intent.category.LAUNCHER" />
48-->src\main\AndroidManifest.xml:41:17-77
48-->src\main\AndroidManifest.xml:41:27-74
49            </intent-filter>
50        </activity>
51
52        <provider
52-->src\main\AndroidManifest.xml:45:9-50:77
53            android:name="com.vroverlay.metrics.OverlaySettingsProvider"
53-->src\main\AndroidManifest.xml:46:13-52
54            android:authorities="com.vroverlay.metrics.provider"
54-->src\main\AndroidManifest.xml:49:13-65
55            android:enabled="true"
55-->src\main\AndroidManifest.xml:47:13-35
56            android:exported="true"
56-->src\main\AndroidManifest.xml:48:13-36
57            android:permission="android.permission.WRITE_SECURE_SETTINGS" />
57-->src\main\AndroidManifest.xml:50:13-74
58    </application>
59
60</manifest>